  Running bin2c
  Building Custom Rule D:/FileRecv/Learning/GitHub/GAMES/GAMES202/HW2/prt/ext/nanogui/CMakeLists.txt
  nanovg.c
  texture_gl.cpp
  shader_gl.cpp
  renderpass_gl.cpp
  opengl.cpp
  nanogui_resources.cpp
  common.cpp
  widget.cpp
  theme.cpp
  layout.cpp
  screen.cpp
  label.cpp
  window.cpp
  popup.cpp
  checkbox.cpp
  button.cpp
  popupbutton.cpp
  combobox.cpp
  progressbar.cpp
  slider.cpp
  messagedialog.cpp
  textbox.cpp
  textarea.cpp
  imagepanel.cpp
  vscrollpanel.cpp
  colorwheel.cpp
  colorpicker.cpp
  graph.cpp
  tabwidget.cpp
  canvas.cpp
  texture.cpp
  shader.cpp
  imageview.cpp
  traits.cpp
  glad.c
  nanogui.vcxproj -> D:\FileRecv\Learning\GitHub\GAMES\GAMES202\HW2\prt\build\ext_build\nanogui\Release\nanogui.lib
